<?xml version="1.0" encoding="UTF-8"?>
<testsuite xmlns:xsi="http://www.w3.org/2001/XMLSchema-instance" xsi:noNamespaceSchemaLocation="https://maven.apache.org/surefire/maven-surefire-plugin/xsd/surefire-test-report-3.0.xsd" version="3.0" name="CreateOrdersTest" time="0.928" tests="8" errors="0" skipped="0" failures="0">
  <properties>
[...]
</properties>
  <testcase name="createOrderCode201Test[Создание заказа.Параметры.Тестовые данные: Елена Иванова Москва 5 89222222222 4 10.09.2023 Комментарий  [Ljava.lang.String;@61a7930e]" classname="CreateOrdersTest" time="0.061">
    <system-out><![CDATA[HTTP/1.1 201 Created
Access-Control-Allow-Origin: *
Content-Length: 16
Content-Type: application/json; charset=utf-8
Date: Mon, 18 Sep 2023 13:39:22 GMT
ETag: W/"10-OnrhTjJjkOe70rTZM+QbvDgmzU4"
Set-Cookie: _yasc=6h83VopnDifctchsce2Po0DuXVnTHbWx3NUgIFSq2bkWvy75kim8cTpJyT7qMPG+rA==; domain=.praktikum-services.ru; path=/; expires=Thu, 15 Sep 2033 13:39:22 GMT; secure
X-Powered-By: Express
X-Request-Id: 1695044362324785-11096723129677496690

{
    "track": 343294
}
]]></system-out>
  </testcase>
  <testcase name="createOrderContainsTrackTest[Создание заказа.Параметры.Тестовые данные: Елена Иванова Москва 5 89222222222 4 10.09.2023 Комментарий  [Ljava.lang.String;@61a7930e]" classname="CreateOrdersTest" time="0.121">
    <system-out><![CDATA[HTTP/1.1 201 Created
Access-Control-Allow-Origin: *
Content-Length: 16
Content-Type: application/json; charset=utf-8
Date: Mon, 18 Sep 2023 13:39:22 GMT
ETag: W/"10-ZPNtLmULgk/XXVjDDOLuIB39KOU"
Set-Cookie: _yasc=Whez7vPCO1FWuoR9r+ULR4ryS+Ht+M8ZaAF19nvh8Yqq3d1L9HaTTmgzStfLDzyEfg==; domain=.praktikum-services.ru; path=/; expires=Thu, 15 Sep 2033 13:39:22 GMT; secure
X-Powered-By: Express
X-Request-Id: 1695044362416711-12971354140637444677

{
    "track": 454671
}
]]></system-out>
  </testcase>
  <testcase name="createOrderCode201Test[Создание заказа.Параметры.Тестовые данные: Елена Иванова Москва 5 89222222222 4 10.09.2023 Комментарий  [Ljava.lang.String;@d436e51]" classname="CreateOrdersTest" time="0.127">
    <system-out><![CDATA[HTTP/1.1 201 Created
Access-Control-Allow-Origin: *
Content-Length: 16
Content-Type: application/json; charset=utf-8
Date: Mon, 18 Sep 2023 13:39:22 GMT
ETag: W/"10-f9Qd6/Ez5BCU+SvTAET5B1xuMrU"
Set-Cookie: _yasc=3H2DhVCFDcT1TGgxVlu1onggM86zDV9oUN/ApaWDajhC/sUpzf3q2LNrdDhY3K0O; domain=.praktikum-services.ru; path=/; expires=Thu, 15 Sep 2033 13:39:22 GMT; secure
X-Powered-By: Express
X-Request-Id: 1695044362533892-10900881630366699878

{
    "track": 819992
}
]]></system-out>
  </testcase>
  <testcase name="createOrderContainsTrackTest[Создание заказа.Параметры.Тестовые данные: Елена Иванова Москва 5 89222222222 4 10.09.2023 Комментарий  [Ljava.lang.String;@d436e51]" classname="CreateOrdersTest" time="0.14">
    <system-out><![CDATA[HTTP/1.1 201 Created
Access-Control-Allow-Origin: *
Content-Length: 16
Content-Type: application/json; charset=utf-8
Date: Mon, 18 Sep 2023 13:39:22 GMT
ETag: W/"10-HLau7adIvRvwBng+WcFrDj2FH9c"
Set-Cookie: _yasc=S2ofbTLoLV+NgBmlzRYYl5aaaWwJWBlKBF89Xd2Fx/CLaLlAm/gi1eUdFeutD6fB9g==; domain=.praktikum-services.ru; path=/; expires=Thu, 15 Sep 2033 13:39:22 GMT; secure
X-Powered-By: Express
X-Request-Id: 1695044362660967-15462088898667788639

{
    "track": 221090
}
]]></system-out>
  </testcase>
  <testcase name="createOrderCode201Test[Создание заказа.Параметры.Тестовые данные: Елена Иванова Москва 5 89222222222 4 10.09.2023 Комментарий  [Ljava.lang.String;@35cc5b75]" classname="CreateOrdersTest" time="0.09">
    <system-out><![CDATA[HTTP/1.1 201 Created
Access-Control-Allow-Origin: *
Content-Length: 16
Content-Type: application/json; charset=utf-8
Date: Mon, 18 Sep 2023 13:39:22 GMT
ETag: W/"10-8uHDXNUgsR/gMh/8kzF5UX2za6E"
Set-Cookie: _yasc=lzBuo15T4q8nWpwmtyJQYOUClRyYcmxC2iUq5GFWmh2T9Ras2VTOANfgwc6AW6tG; domain=.praktikum-services.ru; path=/; expires=Thu, 15 Sep 2033 13:39:22 GMT; secure
X-Powered-By: Express
X-Request-Id: 1695044362786205-3183071240341813589

{
    "track": 733514
}
]]></system-out>
  </testcase>
  <testcase name="createOrderContainsTrackTest[Создание заказа.Параметры.Тестовые данные: Елена Иванова Москва 5 89222222222 4 10.09.2023 Комментарий  [Ljava.lang.String;@35cc5b75]" classname="CreateOrdersTest" time="0.16">
    <system-out><![CDATA[HTTP/1.1 201 Created
Access-Control-Allow-Origin: *
Content-Length: 16
Content-Type: application/json; charset=utf-8
Date: Mon, 18 Sep 2023 13:39:22 GMT
ETag: W/"10-Hr85AZfR+VcKDrwOQWH/xWWQo4Q"
Set-Cookie: _yasc=jDPwmbAdNJmSvOwTU6H7Oh+oxWxkz/PJct4VVvnX73iQOeq9kRsgKFbPxS27jg2N; domain=.praktikum-services.ru; path=/; expires=Thu, 15 Sep 2033 13:39:22 GMT; secure
X-Powered-By: Express
X-Request-Id: 1695044362954237-1130208066027202209

{
    "track": 905605
}
]]></system-out>
  </testcase>
  <testcase name="createOrderCode201Test[Создание заказа.Параметры.Тестовые данные: Елена Иванова Москва 5 89222222222 4 10.09.2023 Комментарий  [Ljava.lang.String;@466a5b80]" classname="CreateOrdersTest" time="0.081">
    <system-out><![CDATA[HTTP/1.1 201 Created
Access-Control-Allow-Origin: *
Content-Length: 16
Content-Type: application/json; charset=utf-8
Date: Mon, 18 Sep 2023 13:39:23 GMT
ETag: W/"10-bWnebow7q8KCiwf1WjfcSrYyov0"
Set-Cookie: _yasc=3alOBAv/acDltu4vrvC9Kw0RSvBq1fopAQzjV/oXfgWJV+Mp5Ma8p7taPJ8a2W666A==; domain=.praktikum-services.ru; path=/; expires=Thu, 15 Sep 2033 13:39:23 GMT; secure
X-Powered-By: Express
X-Request-Id: 1695044363058505-427860039251204079

{
    "track": 550667
}
]]></system-out>
  </testcase>
  <testcase name="createOrderContainsTrackTest[Создание заказа.Параметры.Тестовые данные: Елена Иванова Москва 5 89222222222 4 10.09.2023 Комментарий  [Ljava.lang.String;@466a5b80]" classname="CreateOrdersTest" time="0.122">
    <system-out><![CDATA[HTTP/1.1 201 Created
Access-Control-Allow-Origin: *
Content-Length: 15
Content-Type: application/json; charset=utf-8
Date: Mon, 18 Sep 2023 13:39:23 GMT
ETag: W/"f-YHczpxQnRc/NFI6ydLaT/nLP0cQ"
Set-Cookie: _yasc=e0Rr9XmS9hxfuKSsRvNChkluZNbeN33DEFKDvVmV35e6Y9sGP972d12+sUS4NgVh; domain=.praktikum-services.ru; path=/; expires=Thu, 15 Sep 2033 13:39:23 GMT; secure
X-Powered-By: Express
X-Request-Id: 1695044363154719-11108557336905158171

{
    "track": 16009
}
]]></system-out>
  </testcase>
</testsuite>