<?xml version="1.0" encoding="UTF-8"?>
<testsuite xmlns:xsi="http://www.w3.org/2001/XMLSchema-instance" xsi:noNamespaceSchemaLocation="https://maven.apache.org/surefire/maven-surefire-plugin/xsd/surefire-test-report-3.0.xsd" version="3.0" name="CreateCourierTest" time="11.734" tests="15" errors="0" skipped="0" failures="0">
  <properties>
[...]
</properties>
  <testcase name="createCourier_duplicatesCod_test" classname="CreateCourierTest" time="4.865">
    <system-out><![CDATA[HTTP/1.1 201 Created
Access-Control-Allow-Origin: *
Content-Length: 11
Content-Type: application/json; charset=utf-8
Date: Wed, 13 Sep 2023 14:28:50 GMT
ETag: W/"b-Ai2R8hgEarLmHKwesT1qcY913ys"
Set-Cookie: _yasc=RBQjY6xBgw7Q7cyiJpc4+n4zDj+UXL+7VxwKDyJ+sZH2VNDPps4nfa3CbSbNdd1F; domain=.praktikum-services.ru; path=/; expires=Sat, 10 Sep 2033 14:28:50 GMT; secure
X-Powered-By: Express
X-Request-Id: 1694615330786831-2323052478131095364

{
    "ok": true
}
HTTP/1.1 409 Conflict
Access-Control-Allow-Origin: *
Content-Length: 112
Content-Type: application/json; charset=utf-8
Date: Wed, 13 Sep 2023 14:28:51 GMT
ETag: W/"70-sLG1ZktNk+Ab3iaKUMwxkdL4FJo"
Set-Cookie: _yasc=xlU9o67kVaDPywtVfogTS9DDADxClWahqPSru6L3rsC4IQ26IEPn8LpYXSV1mGvG; domain=.praktikum-services.ru; path=/; expires=Sat, 10 Sep 2033 14:28:51 GMT; secure
X-Powered-By: Express
X-Request-Id: 1694615331144772-5742362687939052262

{
    "code": 409,
    "message": "Этот логин уже используется. Попробуйте другой."
}
HTTP/1.1 200 OK
Access-Control-Allow-Origin: *
Content-Length: 13
Content-Type: application/json; charset=utf-8
Date: Wed, 13 Sep 2023 14:28:51 GMT
ETag: W/"d-86HWJ1OD4uAAVtANntQvPCYWnEw"
Set-Cookie: _yasc=Jb7tVWXLF1lLoNGspXfaSbg7h+sxtX5aH0jtCHhQE0nW6IPQT3NSPcR4XTznoqcTZg==; domain=.praktikum-services.ru; path=/; expires=Sat, 10 Sep 2033 14:28:51 GMT; secure
X-Powered-By: Express
X-Request-Id: 1694615331352041-7968039417963156220

{
    "id": 221072
}
HTTP/1.1 200 OK
Access-Control-Allow-Origin: *
Content-Length: 13
Content-Type: application/json; charset=utf-8
Date: Wed, 13 Sep 2023 14:28:51 GMT
ETag: W/"d-86HWJ1OD4uAAVtANntQvPCYWnEw"
Set-Cookie: _yasc=Ri362QlX+jpXQ1vayz51WtGhZIyiuLEDwRbRw+5kkPLWOXIJOJptrQNTUvkBbv6U; domain=.praktikum-services.ru; path=/; expires=Sat, 10 Sep 2033 14:28:51 GMT; secure
X-Powered-By: Express
X-Request-Id: 1694615331426012-1803168714645942937

{
    "id": 221072
}
HTTP/1.1 200 OK
Access-Control-Allow-Origin: *
Content-Length: 11
Content-Type: application/json; charset=utf-8
Date: Wed, 13 Sep 2023 14:28:52 GMT
ETag: W/"b-Ai2R8hgEarLmHKwesT1qcY913ys"
Set-Cookie: _yasc=S2LKQMK3kI3ATBi3VVS0qkWS45wHEOYb6cZisHShUedhi3r0ENmNSO6ETej2xWHe; domain=.praktikum-services.ru; path=/; expires=Sat, 10 Sep 2033 14:28:52 GMT; secure
X-Powered-By: Express
X-Request-Id: 1694615332465757-10174364553255246653

{
    "ok": true
}
]]></system-out>
    <system-err><![CDATA[SLF4J: Failed to load class "org.slf4j.impl.StaticLoggerBinder".
SLF4J: Defaulting to no-operation (NOP) logger implementation
SLF4J: See http://www.slf4j.org/codes.html#StaticLoggerBinder for further details.
]]></system-err>
  </testcase>
  <testcase name="createCourier_authorization_loginError_test" classname="CreateCourierTest" time="0.512">
    <system-out><![CDATA[HTTP/1.1 201 Created
Access-Control-Allow-Origin: *
Content-Length: 11
Content-Type: application/json; charset=utf-8
Date: Wed, 13 Sep 2023 14:28:52 GMT
ETag: W/"b-Ai2R8hgEarLmHKwesT1qcY913ys"
Set-Cookie: _yasc=lHU67JGtYs+Qlakouf88h98ZQaTVPfUAp6fskFKS1lDqMqOSs5X74gSD94C1ktn7ig==; domain=.praktikum-services.ru; path=/; expires=Sat, 10 Sep 2033 14:28:52 GMT; secure
X-Powered-By: Express
X-Request-Id: 1694615332740836-3995499675146869835

{
    "ok": true
}
HTTP/1.1 404 Not Found
Access-Control-Allow-Origin: *
Content-Length: 72
Content-Type: application/json; charset=utf-8
Date: Wed, 13 Sep 2023 14:28:52 GMT
ETag: W/"48-SNOWaDub1LGYtleYI6ITphu8xIQ"
Set-Cookie: _yasc=KJnkg9EmZiuzpsL+FCScFze78GNpKA6gFB78bSpQye5j+ekYutRLQogUqYVpStEI; domain=.praktikum-services.ru; path=/; expires=Sat, 10 Sep 2033 14:28:52 GMT; secure
X-Powered-By: Express
X-Request-Id: 1694615332857750-7942962969208013113

{
    "code": 404,
    "message": "Учетная запись не найдена"
}
HTTP/1.1 200 OK
Access-Control-Allow-Origin: *
Content-Length: 13
Content-Type: application/json; charset=utf-8
Date: Wed, 13 Sep 2023 14:28:52 GMT
ETag: W/"d-o1K31JAHxodKdNZnajFFUxNIcik"
Set-Cookie: _yasc=r+DuqwxLIDFf69sqbxOJyxEsdWd8r4ChxuP/Cq2GgNLBznFaqNx2JlatycFMWhOv; domain=.praktikum-services.ru; path=/; expires=Sat, 10 Sep 2033 14:28:52 GMT; secure
X-Powered-By: Express
X-Request-Id: 1694615332944962-16174464957072524202

{
    "id": 221073
}
HTTP/1.1 200 OK
Access-Control-Allow-Origin: *
Content-Length: 13
Content-Type: application/json; charset=utf-8
Date: Wed, 13 Sep 2023 14:28:53 GMT
ETag: W/"d-o1K31JAHxodKdNZnajFFUxNIcik"
Set-Cookie: _yasc=8tY1tZPOh8Dah63Vpp/QrrYD+Ywc5DH8re8Ic9DrJgGGXyABq3AIflpl2/6kZD8x; domain=.praktikum-services.ru; path=/; expires=Sat, 10 Sep 2033 14:28:53 GMT; secure
X-Powered-By: Express
X-Request-Id: 1694615333018981-4486205874736195589

{
    "id": 221073
}
HTTP/1.1 200 OK
Access-Control-Allow-Origin: *
Content-Length: 11
Content-Type: application/json; charset=utf-8
Date: Wed, 13 Sep 2023 14:28:53 GMT
ETag: W/"b-Ai2R8hgEarLmHKwesT1qcY913ys"
Set-Cookie: _yasc=5LI9X4kzjNzHtewHDBmiZ+okwQLrXiHBVo1SoeXclOILBznSABhH9GxJggm4KhcK; domain=.praktikum-services.ru; path=/; expires=Sat, 10 Sep 2033 14:28:53 GMT; secure
X-Powered-By: Express
X-Request-Id: 1694615333158677-2659124265708357458

{
    "ok": true
}
]]></system-out>
  </testcase>
  <testcase name="createCourier_noLogin_test" classname="CreateCourierTest" time="0.232">
    <system-out><![CDATA[HTTP/1.1 400 Bad Request
Access-Control-Allow-Origin: *
Content-Length: 114
Content-Type: application/json; charset=utf-8
Date: Wed, 13 Sep 2023 14:28:53 GMT
ETag: W/"72-AUDx41VLe1HSztSRMybiiyHwcKY"
Set-Cookie: _yasc=FYJmJPufZPRiMPeiFvXtZI3OaPxHf12p9GAdWLVnq/BG8aTk2ukIity4qykbtmfe; domain=.praktikum-services.ru; path=/; expires=Sat, 10 Sep 2033 14:28:53 GMT; secure
X-Powered-By: Express
X-Request-Id: 1694615333265251-8771389892476748814

{
    "code": 400,
    "message": "Недостаточно данных для создания учетной записи"
}
HTTP/1.1 404 Not Found
Access-Control-Allow-Origin: *
Content-Length: 72
Content-Type: application/json; charset=utf-8
Date: Wed, 13 Sep 2023 14:28:53 GMT
ETag: W/"48-SNOWaDub1LGYtleYI6ITphu8xIQ"
Set-Cookie: _yasc=6ekjulbAzqxnwoZXHTDrtDIXEnzGFnWjJbkCZeHvIqYz225g58dDbf1EqQ/ZAfrI; domain=.praktikum-services.ru; path=/; expires=Sat, 10 Sep 2033 14:28:53 GMT; secure
X-Powered-By: Express
X-Request-Id: 1694615333372407-7734177816482657109

{
    "code": 404,
    "message": "Учетная запись не найдена"
}
]]></system-out>
  </testcase>
  <testcase name="authorization_containsId_test" classname="CreateCourierTest" time="0.565">
    <system-out><![CDATA[HTTP/1.1 201 Created
Access-Control-Allow-Origin: *
Content-Length: 11
Content-Type: application/json; charset=utf-8
Date: Wed, 13 Sep 2023 14:28:53 GMT
ETag: W/"b-Ai2R8hgEarLmHKwesT1qcY913ys"
Set-Cookie: _yasc=Un/QYkyszp5Hgzo/R1/F9GxGFo4n78A1O+45QCqAwnfdsmCJiONziNmZWooXnWIOAg==; domain=.praktikum-services.ru; path=/; expires=Sat, 10 Sep 2033 14:28:53 GMT; secure
X-Powered-By: Express
X-Request-Id: 1694615333496456-6677127247014316234

{
    "ok": true
}
HTTP/1.1 200 OK
Access-Control-Allow-Origin: *
Content-Length: 13
Content-Type: application/json; charset=utf-8
Date: Wed, 13 Sep 2023 14:28:53 GMT
ETag: W/"d-hSnAq9h3QYwviq4D2b6wfclEx/I"
Set-Cookie: _yasc=STdaR8AKnlTCfpyQaiBoqhMdJLbACIjdnuOtCrH+Zcd5ikbLNoL6ek2OA59jC1cw; domain=.praktikum-services.ru; path=/; expires=Sat, 10 Sep 2033 14:28:53 GMT; secure
X-Powered-By: Express
X-Request-Id: 1694615333588916-6370035305674487438

{
    "id": 221074
}
HTTP/1.1 200 OK
Access-Control-Allow-Origin: *
Content-Length: 13
Content-Type: application/json; charset=utf-8
Date: Wed, 13 Sep 2023 14:28:53 GMT
ETag: W/"d-hSnAq9h3QYwviq4D2b6wfclEx/I"
Set-Cookie: _yasc=YZA4Xr0de8Jcl/kLQtAa9y40SE8R7uUWMH+Fwh02sJeRpP/J5gUZptnOMBFHCjXOwQ==; domain=.praktikum-services.ru; path=/; expires=Sat, 10 Sep 2033 14:28:53 GMT; secure
X-Powered-By: Express
X-Request-Id: 1694615333720251-3891566817156582084

{
    "id": 221074
}
HTTP/1.1 200 OK
Access-Control-Allow-Origin: *
Content-Length: 13
Content-Type: application/json; charset=utf-8
Date: Wed, 13 Sep 2023 14:28:53 GMT
ETag: W/"d-hSnAq9h3QYwviq4D2b6wfclEx/I"
Set-Cookie: _yasc=+ZYl/8QhieEreQlIGEadkmoSQBxe+GkN3x3CAwOisS3lvZddQl20JNC0sb5zBjLu4A==; domain=.praktikum-services.ru; path=/; expires=Sat, 10 Sep 2033 14:28:53 GMT; secure
X-Powered-By: Express
X-Request-Id: 1694615333826978-7209613513463389042

{
    "id": 221074
}
HTTP/1.1 200 OK
Access-Control-Allow-Origin: *
Content-Length: 11
Content-Type: application/json; charset=utf-8
Date: Wed, 13 Sep 2023 14:28:53 GMT
ETag: W/"b-Ai2R8hgEarLmHKwesT1qcY913ys"
Set-Cookie: _yasc=13YIHUi2qc2dHirik8/cPpf1Pvii+oiCyDV9wGrXicnaPyqr8gwCh1N2K1Yv1oIC; domain=.praktikum-services.ru; path=/; expires=Sat, 10 Sep 2033 14:28:53 GMT; secure
X-Powered-By: Express
X-Request-Id: 1694615333951490-10146495110597806710

{
    "ok": true
}
]]></system-out>
  </testcase>
  <testcase name="createCourier_authorization_noPassword_test" classname="CreateCourierTest" time="0.493">
    <system-out><![CDATA[HTTP/1.1 201 Created
Access-Control-Allow-Origin: *
Content-Length: 11
Content-Type: application/json; charset=utf-8
Date: Wed, 13 Sep 2023 14:28:54 GMT
ETag: W/"b-Ai2R8hgEarLmHKwesT1qcY913ys"
Set-Cookie: _yasc=cU/BiPeZTqCUSDjDiTvWIoSiQ9lWhagYXo9qL0CivR/FuKT0P3AEMzJsuyRSYZ7i; domain=.praktikum-services.ru; path=/; expires=Sat, 10 Sep 2033 14:28:54 GMT; secure
X-Powered-By: Express
X-Request-Id: 1694615334064252-7825826940267777791

{
    "ok": true
}
HTTP/1.1 400 Bad Request
Access-Control-Allow-Origin: *
Content-Length: 80
Content-Type: application/json; charset=utf-8
Date: Wed, 13 Sep 2023 14:28:54 GMT
ETag: W/"50-LwGSJxcCDIE8JNxAo8HI82cPc8A"
Set-Cookie: _yasc=3uwQsBfpavj3vbr1MP2hGk1aSQA/CRvCptvWjv/K0VO5wjNNASxYUrXAp77ilnvRUw==; domain=.praktikum-services.ru; path=/; expires=Sat, 10 Sep 2033 14:28:54 GMT; secure
X-Powered-By: Express
X-Request-Id: 1694615334161324-2773971935646075798

{
    "code": 400,
    "message": "Недостаточно данных для входа"
}
HTTP/1.1 200 OK
Access-Control-Allow-Origin: *
Content-Length: 13
Content-Type: application/json; charset=utf-8
Date: Wed, 13 Sep 2023 14:28:54 GMT
ETag: W/"d-i5fIBeqJgLxMF+hY4Vyef22Vjlo"
Set-Cookie: _yasc=LyWdkgYXfvQSuHu/YCkMfpnjJdKF98U7HMjxtENcDFSjbSYon+4WLOlbIwegFbJF; domain=.praktikum-services.ru; path=/; expires=Sat, 10 Sep 2033 14:28:54 GMT; secure
X-Powered-By: Express
X-Request-Id: 1694615334274353-15991192826906870130

{
    "id": 221075
}
HTTP/1.1 200 OK
Access-Control-Allow-Origin: *
Content-Length: 13
Content-Type: application/json; charset=utf-8
Date: Wed, 13 Sep 2023 14:28:54 GMT
ETag: W/"d-i5fIBeqJgLxMF+hY4Vyef22Vjlo"
Set-Cookie: _yasc=1KGpl/nNQZaAaeM535RVl2LIE9X39V7KoKHlDCcqIEpJz9nPzf2hbfB31SVjYz4FXg==; domain=.praktikum-services.ru; path=/; expires=Sat, 10 Sep 2033 14:28:54 GMT; secure
X-Powered-By: Express
X-Request-Id: 1694615334360066-365899310960487498

{
    "id": 221075
}
HTTP/1.1 200 OK
Access-Control-Allow-Origin: *
Content-Length: 11
Content-Type: application/json; charset=utf-8
Date: Wed, 13 Sep 2023 14:28:54 GMT
ETag: W/"b-Ai2R8hgEarLmHKwesT1qcY913ys"
Set-Cookie: _yasc=f9drx0lGGNug3XlI5zkVK/yHAZ5QG+4r0z0LAJZMakgMuVbXVL20Rh7gPWXAAArN; domain=.praktikum-services.ru; path=/; expires=Sat, 10 Sep 2033 14:28:54 GMT; secure
X-Powered-By: Express
X-Request-Id: 1694615334449254-10125122543473227459

{
    "ok": true
}
]]></system-out>
  </testcase>
  <testcase name="createCourier_authorization_test" classname="CreateCourierTest" time="0.561">
    <system-out><![CDATA[HTTP/1.1 201 Created
Access-Control-Allow-Origin: *
Content-Length: 11
Content-Type: application/json; charset=utf-8
Date: Wed, 13 Sep 2023 14:28:54 GMT
ETag: W/"b-Ai2R8hgEarLmHKwesT1qcY913ys"
Set-Cookie: _yasc=JJrPpEhJHGh7HRGWwktSzQyP4Bm+BLCf074I32ynVDX2Gb52mVpNbazNHOeig2Jejw==; domain=.praktikum-services.ru; path=/; expires=Sat, 10 Sep 2033 14:28:54 GMT; secure
X-Powered-By: Express
X-Request-Id: 1694615334536100-13972538559207688829

{
    "ok": true
}
HTTP/1.1 200 OK
Access-Control-Allow-Origin: *
Content-Length: 13
Content-Type: application/json; charset=utf-8
Date: Wed, 13 Sep 2023 14:28:54 GMT
ETag: W/"d-3cBO3zz4bK8GiJo7kbMw8YAmhjU"
Set-Cookie: _yasc=Ojxe8c8Ofud0e0fRS5BHzK8DdianR987BgYWVNLv3ihrqIVee0dVCcj8l1zogPu9; domain=.praktikum-services.ru; path=/; expires=Sat, 10 Sep 2033 14:28:54 GMT; secure
X-Powered-By: Express
X-Request-Id: 1694615334619561-8778834608799267079

{
    "id": 221076
}
HTTP/1.1 200 OK
Access-Control-Allow-Origin: *
Content-Length: 13
Content-Type: application/json; charset=utf-8
Date: Wed, 13 Sep 2023 14:28:54 GMT
ETag: W/"d-3cBO3zz4bK8GiJo7kbMw8YAmhjU"
Set-Cookie: _yasc=lYgRTx7Br+dFP9aL/rOPZV+FKrmdDEl2SoTRlw8C/F9326t5P4ikXW42PknjVvzbqw==; domain=.praktikum-services.ru; path=/; expires=Sat, 10 Sep 2033 14:28:54 GMT; secure
X-Powered-By: Express
X-Request-Id: 1694615334760761-15827833806483206427

{
    "id": 221076
}
HTTP/1.1 200 OK
Access-Control-Allow-Origin: *
Content-Length: 13
Content-Type: application/json; charset=utf-8
Date: Wed, 13 Sep 2023 14:28:54 GMT
ETag: W/"d-3cBO3zz4bK8GiJo7kbMw8YAmhjU"
Set-Cookie: _yasc=2EGbS1m3ZtgsgCpLnm2Azlq529mNsIm9zt3Q1sGnRTCCsWRrKGyNMZUFLI47zuMo; domain=.praktikum-services.ru; path=/; expires=Sat, 10 Sep 2033 14:28:54 GMT; secure
X-Powered-By: Express
X-Request-Id: 1694615334844966-1015717918203275607

{
    "id": 221076
}
HTTP/1.1 200 OK
Access-Control-Allow-Origin: *
Content-Length: 11
Content-Type: application/json; charset=utf-8
Date: Wed, 13 Sep 2023 14:28:55 GMT
ETag: W/"b-Ai2R8hgEarLmHKwesT1qcY913ys"
Set-Cookie: _yasc=jTGYPwRBKDUpOqluPdaIpruhYMuqMfF1M08Pf3W1lciSrLqrNhL51QsUNyOfAk8M; domain=.praktikum-services.ru; path=/; expires=Sat, 10 Sep 2033 14:28:54 GMT; secure
X-Powered-By: Express
X-Request-Id: 1694615334959856-10698934567674420750

{
    "ok": true
}
]]></system-out>
  </testcase>
  <testcase name="createCourier_exp201_test" classname="CreateCourierTest" time="0.727">
    <system-out><![CDATA[HTTP/1.1 201 Created
Access-Control-Allow-Origin: *
Content-Length: 11
Content-Type: application/json; charset=utf-8
Date: Wed, 13 Sep 2023 14:28:55 GMT
ETag: W/"b-Ai2R8hgEarLmHKwesT1qcY913ys"
Set-Cookie: _yasc=tHWBKzSAgmCzCBYvWUWbR46h9k45+kWGZ4IisUkOSTel0Dw0DRYUFhDDsWCpgIMF; domain=.praktikum-services.ru; path=/; expires=Sat, 10 Sep 2033 14:28:55 GMT; secure
X-Powered-By: Express
X-Request-Id: 1694615335120787-11844936881859690877

{
    "ok": true
}
HTTP/1.1 200 OK
Access-Control-Allow-Origin: *
Content-Length: 13
Content-Type: application/json; charset=utf-8
Date: Wed, 13 Sep 2023 14:28:55 GMT
ETag: W/"d-hlsBkGHU6W6Hgy4rZmXtEwxMt1c"
Set-Cookie: _yasc=PODQURpgfrfqLPlrPSON8Qmu2WeFbFSQqCF7YXmHYul+PHsg9uY3ztVVnoB1GORK; domain=.praktikum-services.ru; path=/; expires=Sat, 10 Sep 2033 14:28:55 GMT; secure
X-Powered-By: Express
X-Request-Id: 1694615335235936-13103643849326665893

{
    "id": 221077
}
HTTP/1.1 200 OK
Access-Control-Allow-Origin: *
Content-Length: 13
Content-Type: application/json; charset=utf-8
Date: Wed, 13 Sep 2023 14:28:55 GMT
ETag: W/"d-hlsBkGHU6W6Hgy4rZmXtEwxMt1c"
Set-Cookie: _yasc=1E3bAapZXR6kcPaoGTinPv+ERS61ySgELZyxLElwCz8wzm+Fy+kn2nH+IOKaCAc/dw==; domain=.praktikum-services.ru; path=/; expires=Sat, 10 Sep 2033 14:28:55 GMT; secure
X-Powered-By: Express
X-Request-Id: 1694615335394076-10322250328226718014

{
    "id": 221077
}
HTTP/1.1 200 OK
Access-Control-Allow-Origin: *
Content-Length: 11
Content-Type: application/json; charset=utf-8
Date: Wed, 13 Sep 2023 14:28:55 GMT
ETag: W/"b-Ai2R8hgEarLmHKwesT1qcY913ys"
Set-Cookie: _yasc=pEeyn/hClAA3Krz56CGl4ykDdfVYAoeL4W/3mfE00BV6mouKC8Lpbuvjz3q9B9SC/w==; domain=.praktikum-services.ru; path=/; expires=Sat, 10 Sep 2033 14:28:55 GMT; secure
X-Powered-By: Express
X-Request-Id: 1694615335748071-13189405725070781670

{
    "ok": true
}
]]></system-out>
  </testcase>
  <testcase name="createCourier_expOk_test" classname="CreateCourierTest" time="0.475">
    <system-out><![CDATA[HTTP/1.1 201 Created
Access-Control-Allow-Origin: *
Content-Length: 11
Content-Type: application/json; charset=utf-8
Date: Wed, 13 Sep 2023 14:28:55 GMT
ETag: W/"b-Ai2R8hgEarLmHKwesT1qcY913ys"
Set-Cookie: _yasc=+XzYZlgI8U956H7T+9NErr7qy24pfGimbr9bKLE2A3I7SBDGFd3twWlrxF13J3FJtQ==; domain=.praktikum-services.ru; path=/; expires=Sat, 10 Sep 2033 14:28:55 GMT; secure
X-Powered-By: Express
X-Request-Id: 1694615335837746-5969488909458329238

{
    "ok": true
}
HTTP/1.1 200 OK
Access-Control-Allow-Origin: *
Content-Length: 13
Content-Type: application/json; charset=utf-8
Date: Wed, 13 Sep 2023 14:28:56 GMT
ETag: W/"d-KOGGHIB4/NKCq67qXfIbJMj5H/A"
Set-Cookie: _yasc=MAhn5W4BhlGrDJA/NQMROGM++4l5vsHwDK5Ctc8xbL2FbFa4HbruvK3PoNg6piQf2g==; domain=.praktikum-services.ru; path=/; expires=Sat, 10 Sep 2033 14:28:56 GMT; secure
X-Powered-By: Express
X-Request-Id: 1694615336036368-8219569272603122272

{
    "id": 221078
}
HTTP/1.1 200 OK
Access-Control-Allow-Origin: *
Content-Length: 13
Content-Type: application/json; charset=utf-8
Date: Wed, 13 Sep 2023 14:28:56 GMT
ETag: W/"d-KOGGHIB4/NKCq67qXfIbJMj5H/A"
Set-Cookie: _yasc=AJvavuc4yOxvki+dwhhNiUhq+FsGOK+yc17lMSjXU1Sb/NHc8vLjurmmm8H0FTip; domain=.praktikum-services.ru; path=/; expires=Sat, 10 Sep 2033 14:28:56 GMT; secure
X-Powered-By: Express
X-Request-Id: 1694615336116731-11490863717266845926

{
    "id": 221078
}
HTTP/1.1 200 OK
Access-Control-Allow-Origin: *
Content-Length: 11
Content-Type: application/json; charset=utf-8
Date: Wed, 13 Sep 2023 14:28:56 GMT
ETag: W/"b-Ai2R8hgEarLmHKwesT1qcY913ys"
Set-Cookie: _yasc=l6P3IpML3o9IcCa27Fzev3zTu641fzYJmpouYgkPEafVlvJ21CTErkfDucHN9dO8Jg==; domain=.praktikum-services.ru; path=/; expires=Sat, 10 Sep 2033 14:28:56 GMT; secure
X-Powered-By: Express
X-Request-Id: 1694615336231633-7778865641724134119

{
    "ok": true
}
]]></system-out>
  </testcase>
  <testcase name="createCourier_noPassword_test" classname="CreateCourierTest" time="0.19">
    <system-out><![CDATA[HTTP/1.1 400 Bad Request
Access-Control-Allow-Origin: *
Content-Length: 114
Content-Type: application/json; charset=utf-8
Date: Wed, 13 Sep 2023 14:28:56 GMT
ETag: W/"72-AUDx41VLe1HSztSRMybiiyHwcKY"
Set-Cookie: _yasc=bbZGg8wtf9jpGSc9HX6yXdMtuqIkU8MXdZXV++ffyb216Y5lvy987IDlydeLRWbx/g==; domain=.praktikum-services.ru; path=/; expires=Sat, 10 Sep 2033 14:28:56 GMT; secure
X-Powered-By: Express
X-Request-Id: 1694615336329484-13156942709396080383

{
    "code": 400,
    "message": "Недостаточно данных для создания учетной записи"
}
HTTP/1.1 404 Not Found
Access-Control-Allow-Origin: *
Content-Length: 72
Content-Type: application/json; charset=utf-8
Date: Wed, 13 Sep 2023 14:28:56 GMT
ETag: W/"48-SNOWaDub1LGYtleYI6ITphu8xIQ"
Set-Cookie: _yasc=3/hM7ZsH78VNjwaZ1ObYsaXNPNBZrdFQIza3v2D2mtrbLoNwCYOr5J6gYkIiTmde; domain=.praktikum-services.ru; path=/; expires=Sat, 10 Sep 2033 14:28:56 GMT; secure
X-Powered-By: Express
X-Request-Id: 1694615336416541-6220093329088990097

{
    "code": 404,
    "message": "Учетная запись не найдена"
}
]]></system-out>
  </testcase>
  <testcase name="createCourier_authorization_noLoginMessage_test" classname="CreateCourierTest" time="0.467">
    <system-out><![CDATA[HTTP/1.1 201 Created
Access-Control-Allow-Origin: *
Content-Length: 11
Content-Type: application/json; charset=utf-8
Date: Wed, 13 Sep 2023 14:28:56 GMT
ETag: W/"b-Ai2R8hgEarLmHKwesT1qcY913ys"
Set-Cookie: _yasc=yinBzaw3RM8Etql01vIPTXV57ap0pXbzu+Tmc4P5ivV1872mymgy29bmC7rwz9jANQ==; domain=.praktikum-services.ru; path=/; expires=Sat, 10 Sep 2033 14:28:56 GMT; secure
X-Powered-By: Express
X-Request-Id: 1694615336487437-15351117705067066213

{
    "ok": true
}
HTTP/1.1 400 Bad Request
Access-Control-Allow-Origin: *
Content-Length: 80
Content-Type: application/json; charset=utf-8
Date: Wed, 13 Sep 2023 14:28:56 GMT
ETag: W/"50-LwGSJxcCDIE8JNxAo8HI82cPc8A"
Set-Cookie: _yasc=F5RBjCmIPbkxIARbd/vdE29t0YtEkZnTAaty1tizQMSsovU4qMkBQ/Ek8x6MQGZy; domain=.praktikum-services.ru; path=/; expires=Sat, 10 Sep 2033 14:28:56 GMT; secure
X-Powered-By: Express
X-Request-Id: 1694615336610899-14184867404549906302

{
    "code": 400,
    "message": "Недостаточно данных для входа"
}
HTTP/1.1 200 OK
Access-Control-Allow-Origin: *
Content-Length: 13
Content-Type: application/json; charset=utf-8
Date: Wed, 13 Sep 2023 14:28:56 GMT
ETag: W/"d-ClO+g0GXV/elKZQl9OiTZT1HxJ8"
Set-Cookie: _yasc=cFSf0f8phC2f/jHJRzJyiAZ98o/FBY9RbH/nkCDYrZD4o9HY5AQvuDKUr03TPZpF9w==; domain=.praktikum-services.ru; path=/; expires=Sat, 10 Sep 2033 14:28:56 GMT; secure
X-Powered-By: Express
X-Request-Id: 1694615336684312-12202282135221491047

{
    "id": 221079
}
HTTP/1.1 200 OK
Access-Control-Allow-Origin: *
Content-Length: 13
Content-Type: application/json; charset=utf-8
Date: Wed, 13 Sep 2023 14:28:56 GMT
ETag: W/"d-ClO+g0GXV/elKZQl9OiTZT1HxJ8"
Set-Cookie: _yasc=qDdqhxa0q2WsPlcj+QbzBaTVL+58/ozcE/hhCORpTMSsq0j8Guh4Gr2Pz4LnvnWS; domain=.praktikum-services.ru; path=/; expires=Sat, 10 Sep 2033 14:28:56 GMT; secure
X-Powered-By: Express
X-Request-Id: 1694615336761834-7191614757052252357

{
    "id": 221079
}
HTTP/1.1 200 OK
Access-Control-Allow-Origin: *
Content-Length: 11
Content-Type: application/json; charset=utf-8
Date: Wed, 13 Sep 2023 14:28:56 GMT
ETag: W/"b-Ai2R8hgEarLmHKwesT1qcY913ys"
Set-Cookie: _yasc=oS0gE/z9Jh6IDj5vthYSZQVYY7B+Ms+bidfVdYzgEy0n+gGvq+c8malXdTeQMP5iPw==; domain=.praktikum-services.ru; path=/; expires=Sat, 10 Sep 2033 14:28:56 GMT; secure
X-Powered-By: Express
X-Request-Id: 1694615336872463-371410843062725191

{
    "ok": true
}
]]></system-out>
  </testcase>
  <testcase name="createCourier_authorization_noLogin_test" classname="CreateCourierTest" time="0.458">
    <system-out><![CDATA[HTTP/1.1 201 Created
Access-Control-Allow-Origin: *
Content-Length: 11
Content-Type: application/json; charset=utf-8
Date: Wed, 13 Sep 2023 14:28:57 GMT
ETag: W/"b-Ai2R8hgEarLmHKwesT1qcY913ys"
Set-Cookie: _yasc=8OdPjXFMcCkHHje3RBjhTJZ1iuOaQvQ1yrtMLENQCZKHnJnv8TpOlyFKV61oekhN; domain=.praktikum-services.ru; path=/; expires=Sat, 10 Sep 2033 14:28:56 GMT; secure
X-Powered-By: Express
X-Request-Id: 1694615336959433-484723925084265043

{
    "ok": true
}
HTTP/1.1 400 Bad Request
Access-Control-Allow-Origin: *
Content-Length: 80
Content-Type: application/json; charset=utf-8
Date: Wed, 13 Sep 2023 14:28:57 GMT
ETag: W/"50-LwGSJxcCDIE8JNxAo8HI82cPc8A"
Set-Cookie: _yasc=WgTeloETDOGTH5x1WP0VaSgM+8ZrZD3FZ8mJ1yPf1SYGb3nQcLg/pax995Vzonzb; domain=.praktikum-services.ru; path=/; expires=Sat, 10 Sep 2033 14:28:57 GMT; secure
X-Powered-By: Express
X-Request-Id: 1694615337098597-5779148766147785026

{
    "code": 400,
    "message": "Недостаточно данных для входа"
}
HTTP/1.1 200 OK
Access-Control-Allow-Origin: *
Content-Length: 13
Content-Type: application/json; charset=utf-8
Date: Wed, 13 Sep 2023 14:28:57 GMT
ETag: W/"d-bP+ODytV+V+g2ceg94i0WZ+6jf0"
Set-Cookie: _yasc=hW2x8gOrQEq4KfZvJW1ORGYfQtiPRb4Kilw4hxgfxwJaj+aL2qCORfgj/j/+FeYU; domain=.praktikum-services.ru; path=/; expires=Sat, 10 Sep 2033 14:28:57 GMT; secure
X-Powered-By: Express
X-Request-Id: 1694615337171516-5091826689388074670

{
    "id": 221080
}
HTTP/1.1 200 OK
Access-Control-Allow-Origin: *
Content-Length: 13
Content-Type: application/json; charset=utf-8
Date: Wed, 13 Sep 2023 14:28:57 GMT
ETag: W/"d-bP+ODytV+V+g2ceg94i0WZ+6jf0"
Set-Cookie: _yasc=Z1xIJuF11UYF+IRNcM5kdjWHrIEv0qIi2ceZg645VCyT16Sr8dSKeeT8qCXEfvy+3w==; domain=.praktikum-services.ru; path=/; expires=Sat, 10 Sep 2033 14:28:57 GMT; secure
X-Powered-By: Express
X-Request-Id: 1694615337252442-2377861058350636741

{
    "id": 221080
}
HTTP/1.1 200 OK
Access-Control-Allow-Origin: *
Content-Length: 11
Content-Type: application/json; charset=utf-8
Date: Wed, 13 Sep 2023 14:28:57 GMT
ETag: W/"b-Ai2R8hgEarLmHKwesT1qcY913ys"
Set-Cookie: _yasc=FPHKPqosmCcEbtJVPTyhB48xswllMRP0hbhJE8cQuaD87UueJNAFND+Vx4ES/FYF; domain=.praktikum-services.ru; path=/; expires=Sat, 10 Sep 2033 14:28:57 GMT; secure
X-Powered-By: Express
X-Request-Id: 1694615337339854-14659465082674208500

{
    "ok": true
}
]]></system-out>
  </testcase>
  <testcase name="createCourier_noPassword_noLogin_test" classname="CreateCourierTest" time="0.17">
    <system-out><![CDATA[HTTP/1.1 400 Bad Request
Access-Control-Allow-Origin: *
Content-Length: 114
Content-Type: application/json; charset=utf-8
Date: Wed, 13 Sep 2023 14:28:57 GMT
ETag: W/"72-AUDx41VLe1HSztSRMybiiyHwcKY"
Set-Cookie: _yasc=wGzkMhgVgdatrKcDn6KYpAWCP3qQ4/FITAXrrF1NpzFq+JdGB+If0By2Tmur4p15; domain=.praktikum-services.ru; path=/; expires=Sat, 10 Sep 2033 14:28:57 GMT; secure
X-Powered-By: Express
X-Request-Id: 1694615337443130-7040842021471565476

{
    "code": 400,
    "message": "Недостаточно данных для создания учетной записи"
}
HTTP/1.1 404 Not Found
Access-Control-Allow-Origin: *
Content-Length: 72
Content-Type: application/json; charset=utf-8
Date: Wed, 13 Sep 2023 14:28:57 GMT
ETag: W/"48-SNOWaDub1LGYtleYI6ITphu8xIQ"
Set-Cookie: _yasc=UQGyD1g+otlarwe/6Fbe4KRkA+Plr0KCbldW3dCM1cXN8iouvTaU2kRRAxcE7CXXzg==; domain=.praktikum-services.ru; path=/; expires=Sat, 10 Sep 2033 14:28:57 GMT; secure
X-Powered-By: Express
X-Request-Id: 1694615337519234-17011075924473710594

{
    "code": 404,
    "message": "Учетная запись не найдена"
}
]]></system-out>
  </testcase>
  <testcase name="createCourier_duplicatesBody_test" classname="CreateCourierTest" time="0.487">
    <system-out><![CDATA[HTTP/1.1 201 Created
Access-Control-Allow-Origin: *
Content-Length: 11
Content-Type: application/json; charset=utf-8
Date: Wed, 13 Sep 2023 14:28:57 GMT
ETag: W/"b-Ai2R8hgEarLmHKwesT1qcY913ys"
Set-Cookie: _yasc=m9/++c7GmVX2xAI9suvNr4lNQP6zCg/jrmk78csmqkSxGBWZK/QJUOk7NqrRHMXgwQ==; domain=.praktikum-services.ru; path=/; expires=Sat, 10 Sep 2033 14:28:57 GMT; secure
X-Powered-By: Express
X-Request-Id: 1694615337636268-146732761941145990

{
    "ok": true
}
HTTP/1.1 409 Conflict
Access-Control-Allow-Origin: *
Content-Length: 112
Content-Type: application/json; charset=utf-8
Date: Wed, 13 Sep 2023 14:28:57 GMT
ETag: W/"70-sLG1ZktNk+Ab3iaKUMwxkdL4FJo"
Set-Cookie: _yasc=/7V9bGgsvutVPHIbIg5+gZ3REmXCKH3AsEYN3oougBF+iB1EqJNYxNN6xFkCX9On; domain=.praktikum-services.ru; path=/; expires=Sat, 10 Sep 2033 14:28:57 GMT; secure
X-Powered-By: Express
X-Request-Id: 1694615337720398-12088229443705960857

{
    "code": 409,
    "message": "Этот логин уже используется. Попробуйте другой."
}
HTTP/1.1 200 OK
Access-Control-Allow-Origin: *
Content-Length: 13
Content-Type: application/json; charset=utf-8
Date: Wed, 13 Sep 2023 14:28:57 GMT
ETag: W/"d-4QugxXdKPlb2I6i+u/FVOzNSYUM"
Set-Cookie: _yasc=r6E4BOzwrfpLgsC7+pOoUnImJzZPNc1+nBBqZo1kou/fTW7S6GcvRrFFtblHnM1p; domain=.praktikum-services.ru; path=/; expires=Sat, 10 Sep 2033 14:28:57 GMT; secure
X-Powered-By: Express
X-Request-Id: 1694615337815120-1153533288543247015

{
    "id": 221081
}
HTTP/1.1 200 OK
Access-Control-Allow-Origin: *
Content-Length: 13
Content-Type: application/json; charset=utf-8
Date: Wed, 13 Sep 2023 14:28:57 GMT
ETag: W/"d-4QugxXdKPlb2I6i+u/FVOzNSYUM"
Set-Cookie: _yasc=vcjl+P+Z1Iqv1OcqkrRPygttdL4HZQ/v3LOMkDDdRiHfueAY8qiECfBJkLKhiaQH; domain=.praktikum-services.ru; path=/; expires=Sat, 10 Sep 2033 14:28:57 GMT; secure
X-Powered-By: Express
X-Request-Id: 1694615337895232-493328222739354306

{
    "id": 221081
}
HTTP/1.1 200 OK
Access-Control-Allow-Origin: *
Content-Length: 11
Content-Type: application/json; charset=utf-8
Date: Wed, 13 Sep 2023 14:28:58 GMT
ETag: W/"b-Ai2R8hgEarLmHKwesT1qcY913ys"
Set-Cookie: _yasc=ZZzXL+xgmmh/KpRG5TowX5EEoF8PwEvSkPsRa7U5FjzlU2h1deFuFuRzi1Sx1SO02Q==; domain=.praktikum-services.ru; path=/; expires=Sat, 10 Sep 2033 14:28:58 GMT; secure
X-Powered-By: Express
X-Request-Id: 1694615338000175-9097118624229482182

{
    "ok": true
}
]]></system-out>
  </testcase>
  <testcase name="createCourier_authorization_loginErrorMessage_test" classname="CreateCourierTest" time="0.818">
    <system-out><![CDATA[HTTP/1.1 201 Created
Access-Control-Allow-Origin: *
Content-Length: 11
Content-Type: application/json; charset=utf-8
Date: Wed, 13 Sep 2023 14:28:58 GMT
ETag: W/"b-Ai2R8hgEarLmHKwesT1qcY913ys"
Set-Cookie: _yasc=xPnFwymMQfYB7Hg/FHWWVq9wFuu+wuLBH8gmF3fwbRXomHVlcJEjJoGDoVxzYD9swg==; domain=.praktikum-services.ru; path=/; expires=Sat, 10 Sep 2033 14:28:58 GMT; secure
X-Powered-By: Express
X-Request-Id: 1694615338077395-3583883522521028119

{
    "ok": true
}
HTTP/1.1 404 Not Found
Access-Control-Allow-Origin: *
Content-Length: 72
Content-Type: application/json; charset=utf-8
Date: Wed, 13 Sep 2023 14:28:58 GMT
ETag: W/"48-SNOWaDub1LGYtleYI6ITphu8xIQ"
Set-Cookie: _yasc=M1HBRf1RnZPicljeCqjxx/hC8HXvsbBxKdLGeN9Azt61e8P4ip6WJI0RXxMQ4UgVkA==; domain=.praktikum-services.ru; path=/; expires=Sat, 10 Sep 2033 14:28:58 GMT; secure
X-Powered-By: Express
X-Request-Id: 1694615338212467-900118084336922919

{
    "code": 404,
    "message": "Учетная запись не найдена"
}
HTTP/1.1 200 OK
Access-Control-Allow-Origin: *
Content-Length: 13
Content-Type: application/json; charset=utf-8
Date: Wed, 13 Sep 2023 14:28:58 GMT
ETag: W/"d-YGp40vxV5ubiO5Vo96RLUJn9hpg"
Set-Cookie: _yasc=tS7AFXZ0CGrSQMU7oS4nP99ApyyOUlvLEtE9v36Y5rnvB+KVWbZFpvmhgKKDHWmIhA==; domain=.praktikum-services.ru; path=/; expires=Sat, 10 Sep 2033 14:28:58 GMT; secure
X-Powered-By: Express
X-Request-Id: 1694615338595188-12729372867853837297

{
    "id": 221082
}
HTTP/1.1 200 OK
Access-Control-Allow-Origin: *
Content-Length: 13
Content-Type: application/json; charset=utf-8
Date: Wed, 13 Sep 2023 14:28:58 GMT
ETag: W/"d-YGp40vxV5ubiO5Vo96RLUJn9hpg"
Set-Cookie: _yasc=k9XcfRcIWyLJCBhjJWK+h+RxhS6F6wtIxj3hTY6SlT0jquT5+qxCFw0j/dAfBvZ53A==; domain=.praktikum-services.ru; path=/; expires=Sat, 10 Sep 2033 14:28:58 GMT; secure
X-Powered-By: Express
X-Request-Id: 1694615338690999-18074174480158609847

{
    "id": 221082
}
HTTP/1.1 200 OK
Access-Control-Allow-Origin: *
Content-Length: 11
Content-Type: application/json; charset=utf-8
Date: Wed, 13 Sep 2023 14:28:58 GMT
ETag: W/"b-Ai2R8hgEarLmHKwesT1qcY913ys"
Set-Cookie: _yasc=tY5shApVVG/rXNPrsS4dyfopNpv9hRLTYVAnC6OR9Sj9BvkqZblAle0dzmJJODcZ; domain=.praktikum-services.ru; path=/; expires=Sat, 10 Sep 2033 14:28:58 GMT; secure
X-Powered-By: Express
X-Request-Id: 1694615338834420-11440051968031002099

{
    "ok": true
}
]]></system-out>
  </testcase>
  <testcase name="createCourier_authorization_noPasswordMessage_test" classname="CreateCourierTest" time="0.439">
    <system-out><![CDATA[HTTP/1.1 201 Created
Access-Control-Allow-Origin: *
Content-Length: 11
Content-Type: application/json; charset=utf-8
Date: Wed, 13 Sep 2023 14:28:58 GMT
ETag: W/"b-Ai2R8hgEarLmHKwesT1qcY913ys"
Set-Cookie: _yasc=8KT/tmBE44mc7BIZhqZKbEY/Re2Fz72nQTM94ZQuQdMVX5XlBcAbyUv8U9bM0Drh; domain=.praktikum-services.ru; path=/; expires=Sat, 10 Sep 2033 14:28:58 GMT; secure
X-Powered-By: Express
X-Request-Id: 1694615338923475-8416482146347369306

{
    "ok": true
}
HTTP/1.1 400 Bad Request
Access-Control-Allow-Origin: *
Content-Length: 80
Content-Type: application/json; charset=utf-8
Date: Wed, 13 Sep 2023 14:28:59 GMT
ETag: W/"50-LwGSJxcCDIE8JNxAo8HI82cPc8A"
Set-Cookie: _yasc=owFJe7B/2sDoUc1pVVippXW43rZsfUiwLfcEwA5En8cPPHa7kO8Y5WP/8fu1LN7b; domain=.praktikum-services.ru; path=/; expires=Sat, 10 Sep 2033 14:28:59 GMT; secure
X-Powered-By: Express
X-Request-Id: 1694615339006240-14570190966099479024

{
    "code": 400,
    "message": "Недостаточно данных для входа"
}
HTTP/1.1 200 OK
Access-Control-Allow-Origin: *
Content-Length: 13
Content-Type: application/json; charset=utf-8
Date: Wed, 13 Sep 2023 14:28:59 GMT
ETag: W/"d-enSsdzpegIwIyEWoghTLlofYzuw"
Set-Cookie: _yasc=r2T/bZqerOlxzxiFX+twJ/25mxWx08PboLoA1k4DyNPnz/Ce/tjDpewjfEU/LrVpmQ==; domain=.praktikum-services.ru; path=/; expires=Sat, 10 Sep 2033 14:28:59 GMT; secure
X-Powered-By: Express
X-Request-Id: 1694615339098339-13138602283073688741

{
    "id": 221083
}
HTTP/1.1 200 OK
Access-Control-Allow-Origin: *
Content-Length: 13
Content-Type: application/json; charset=utf-8
Date: Wed, 13 Sep 2023 14:28:59 GMT
ETag: W/"d-enSsdzpegIwIyEWoghTLlofYzuw"
Set-Cookie: _yasc=c73/ZKSlVnqwLeV81+iHISsAdWyJrGkAFmzyXzWDye5lTXk7MTIprjsxEHAO/MWt; domain=.praktikum-services.ru; path=/; expires=Sat, 10 Sep 2033 14:28:59 GMT; secure
X-Powered-By: Express
X-Request-Id: 1694615339150098-5549647018842359759

{
    "id": 221083
}
HTTP/1.1 200 OK
Access-Control-Allow-Origin: *
Content-Length: 11
Content-Type: application/json; charset=utf-8
Date: Wed, 13 Sep 2023 14:28:59 GMT
ETag: W/"b-Ai2R8hgEarLmHKwesT1qcY913ys"
Set-Cookie: _yasc=YMisFykMC4zySp/aE0LWPLE1sd2E9FDmCEciMhgaTbCx9bWgmOsQ8CpKr6b4VmrIUA==; domain=.praktikum-services.ru; path=/; expires=Sat, 10 Sep 2033 14:28:59 GMT; secure
X-Powered-By: Express
X-Request-Id: 1694615339274448-9877552638433921548

{
    "ok": true
}
]]></system-out>
  </testcase>
</testsuite>