<?xml version="1.0" encoding="UTF-8"?>
<testsuite xmlns:xsi="http://www.w3.org/2001/XMLSchema-instance" xsi:noNamespaceSchemaLocation="https://maven.apache.org/surefire/maven-surefire-plugin/xsd/surefire-test-report-3.0.xsd" version="3.0" name="CreateOrdersTest" time="0.884" tests="8" errors="0" skipped="0" failures="0">
  <properties>
[...]
</properties>
  <testcase name="createOrderCode201_test[Создание заказа.Параметры.Тестовые данные: Елена Иванова Москва 5 89222222222 4 10.09.2023 Комментарий  [Ljava.lang.String;@466a5b80]" classname="CreateOrdersTest" time="0.1">
    <system-out><![CDATA[HTTP/1.1 201 Created
Access-Control-Allow-Origin: *
Content-Length: 16
Content-Type: application/json; charset=utf-8
Date: Wed, 13 Sep 2023 14:28:59 GMT
ETag: W/"10-uuu6bk6uprEMusQEX2n5dsUIufI"
Set-Cookie: _yasc=B1fzJxIUNnVht++9ZWZPP0Vjj0/N88mdHQQv1K1eD2UxjVcUx1bOz7/k37qVsriQVA==; domain=.praktikum-services.ru; path=/; expires=Sat, 10 Sep 2033 14:28:59 GMT; secure
X-Powered-By: Express
X-Request-Id: 1694615339391142-369253196900950764

{
    "track": 576605
}
]]></system-out>
  </testcase>
  <testcase name="createOrderContainsTrack_test[Создание заказа.Параметры.Тестовые данные: Елена Иванова Москва 5 89222222222 4 10.09.2023 Комментарий  [Ljava.lang.String;@466a5b80]" classname="CreateOrdersTest" time="0.078">
    <system-out><![CDATA[HTTP/1.1 201 Created
Access-Control-Allow-Origin: *
Content-Length: 16
Content-Type: application/json; charset=utf-8
Date: Wed, 13 Sep 2023 14:28:59 GMT
ETag: W/"10-LfhfUOrdBcMA+08HyuPUpOT7hGU"
Set-Cookie: _yasc=YHSadqx0L2kuKcnRpiumpYlVsEXO54H+VickjMhZ6gOXmWwhcZ1jazBJbv/wvyOE; domain=.praktikum-services.ru; path=/; expires=Sat, 10 Sep 2033 14:28:59 GMT; secure
X-Powered-By: Express
X-Request-Id: 1694615339494484-4845139020111061891

{
    "track": 838320
}
]]></system-out>
  </testcase>
  <testcase name="createOrderCode201_test[Создание заказа.Параметры.Тестовые данные: Елена Иванова Москва 5 89222222222 4 10.09.2023 Комментарий  [Ljava.lang.String;@72117fc0]" classname="CreateOrdersTest" time="0.116">
    <system-out><![CDATA[HTTP/1.1 201 Created
Access-Control-Allow-Origin: *
Content-Length: 16
Content-Type: application/json; charset=utf-8
Date: Wed, 13 Sep 2023 14:28:59 GMT
ETag: W/"10-c4Cq1Bk/xeHgxyKVVgv4temNb8s"
Set-Cookie: _yasc=nMyiWNg6vECHmwlXWXyvsZ0b0UT5rzlqUekP2AuoDvwemYzj5VaT97cTZK/yOBTWug==; domain=.praktikum-services.ru; path=/; expires=Sat, 10 Sep 2033 14:28:59 GMT; secure
X-Powered-By: Express
X-Request-Id: 1694615339590706-9137412917644327954

{
    "track": 735697
}
]]></system-out>
  </testcase>
  <testcase name="createOrderContainsTrack_test[Создание заказа.Параметры.Тестовые данные: Елена Иванова Москва 5 89222222222 4 10.09.2023 Комментарий  [Ljava.lang.String;@72117fc0]" classname="CreateOrdersTest" time="0.133">
    <system-out><![CDATA[HTTP/1.1 201 Created
Access-Control-Allow-Origin: *
Content-Length: 16
Content-Type: application/json; charset=utf-8
Date: Wed, 13 Sep 2023 14:28:59 GMT
ETag: W/"10-GajizJDuCXQYuFsBCGrANlqzSdQ"
Set-Cookie: _yasc=Y9tCcuFsfI5f5WAAksvLF97QLsJDxOswePSJ5IYgttkgs2Mk9s9vQyke5QD51EyM; domain=.praktikum-services.ru; path=/; expires=Sat, 10 Sep 2033 14:28:59 GMT; secure
X-Powered-By: Express
X-Request-Id: 1694615339713426-11528782038832777890

{
    "track": 529628
}
]]></system-out>
  </testcase>
  <testcase name="createOrderCode201_test[Создание заказа.Параметры.Тестовые данные: Елена Иванова Москва 5 89222222222 4 10.09.2023 Комментарий  [Ljava.lang.String;@4ca37d40]" classname="CreateOrdersTest" time="0.1">
    <system-out><![CDATA[HTTP/1.1 201 Created
Access-Control-Allow-Origin: *
Content-Length: 15
Content-Type: application/json; charset=utf-8
Date: Wed, 13 Sep 2023 14:28:59 GMT
ETag: W/"f-GKKU2dbsa6tP7ApIFmlfYYauiGw"
Set-Cookie: _yasc=sJ/21oLcwSSzRb7xwaOu+vDhQOLJ6GF1fjhdmQNivso/HS0cWxmaEQbw3w8PFgde; domain=.praktikum-services.ru; path=/; expires=Sat, 10 Sep 2033 14:28:59 GMT; secure
X-Powered-By: Express
X-Request-Id: 1694615339844950-13952051510834947716

{
    "track": 32905
}
]]></system-out>
  </testcase>
  <testcase name="createOrderContainsTrack_test[Создание заказа.Параметры.Тестовые данные: Елена Иванова Москва 5 89222222222 4 10.09.2023 Комментарий  [Ljava.lang.String;@4ca37d40]" classname="CreateOrdersTest" time="0.143">
    <system-out><![CDATA[HTTP/1.1 201 Created
Access-Control-Allow-Origin: *
Content-Length: 16
Content-Type: application/json; charset=utf-8
Date: Wed, 13 Sep 2023 14:29:00 GMT
ETag: W/"10-RB3VQjtEokfOkaYD34DBDbqBaXQ"
Set-Cookie: _yasc=mfv+7REhnMlgcttqBh4nVNlj3Td3wB5oXF4l+vZQfqvOhd+o7MPul2+Cu/PTp4WRYA==; domain=.praktikum-services.ru; path=/; expires=Sat, 10 Sep 2033 14:28:59 GMT; secure
X-Powered-By: Express
X-Request-Id: 1694615339927179-5047857158563068484

{
    "track": 928412
}
]]></system-out>
  </testcase>
  <testcase name="createOrderCode201_test[Создание заказа.Параметры.Тестовые данные: Елена Иванова Москва 5 89222222222 4 10.09.2023 Комментарий  [Ljava.lang.String;@71904ea8]" classname="CreateOrdersTest" time="0.074">
    <system-out><![CDATA[HTTP/1.1 201 Created
Access-Control-Allow-Origin: *
Content-Length: 16
Content-Type: application/json; charset=utf-8
Date: Wed, 13 Sep 2023 14:29:00 GMT
ETag: W/"10-SEuidtlnohY1UaSe6yQdGGsUTI8"
Set-Cookie: _yasc=XQJDSNhYhBlbUC5hUoVpAnHegs1JdiGSKZr6lWMCLt++JOdXHnpghdl6SYv23cMG; domain=.praktikum-services.ru; path=/; expires=Sat, 10 Sep 2033 14:29:00 GMT; secure
X-Powered-By: Express
X-Request-Id: 1694615340075771-7818465115286139055

{
    "track": 354413
}
]]></system-out>
  </testcase>
  <testcase name="createOrderContainsTrack_test[Создание заказа.Параметры.Тестовые данные: Елена Иванова Москва 5 89222222222 4 10.09.2023 Комментарий  [Ljava.lang.String;@71904ea8]" classname="CreateOrdersTest" time="0.133">
    <system-out><![CDATA[HTTP/1.1 201 Created
Access-Control-Allow-Origin: *
Content-Length: 15
Content-Type: application/json; charset=utf-8
Date: Wed, 13 Sep 2023 14:29:00 GMT
ETag: W/"f-DhcYziyPleKl7LJ7h2BQmUvwWlE"
Set-Cookie: _yasc=rnc/hr6CW9J4BW3dDOAePfs/V0bHd304HjCcxjSqJ2Gs0LI+K7Vn8r97+jzY2ByYDQ==; domain=.praktikum-services.ru; path=/; expires=Sat, 10 Sep 2033 14:29:00 GMT; secure
X-Powered-By: Express
X-Request-Id: 1694615340149785-9722426582527812909

{
    "track": 63727
}
]]></system-out>
  </testcase>
</testsuite>